Copyright 1986-2018 Xilinx, Inc. All Rights Reserved.
-------------------------------------------------------------------------------------------------------------------------------------------------------
| Tool Version     : Vivado v.2018.2 (win64) Build 2258646 Thu Jun 14 20:03:12 MDT 2018
| Date             : Tue Apr  5 22:02:20 2022
| Host             : DESKTOP-ENDDUI1 running 64-bit major release  (build 9200)
| Command          : report_power -file Top_Student_power_routed.rpt -pb Top_Student_power_summary_routed.pb -rpx Top_Student_power_routed.rpx
| Design           : Top_Student
| Device           : xc7a35tcpg236-1
| Design State     : routed
| Grade            : commercial
| Process          : typical
| Characterization : Production
-------------------------------------------------------------------------------------------------------------------------------------------------------

Power Report

Table of Contents
-----------------
1. Summary
1.1 On-Chip Components
1.2 Power Supply Summary
1.3 Confidence Level
2. Settings
2.1 Environment
2.2 Clock Constraints
3. Detailed Reports
3.1 By Hierarchy

1. Summary
----------

+--------------------------+--------------+
| Total On-Chip Power (W)  | 0.110        |
| Design Power Budget (W)  | Unspecified* |
| Power Budget Margin (W)  | NA           |
| Dynamic (W)              | 0.038        |
| Device Static (W)        | 0.072        |
| Effective TJA (C/W)      | 5.0          |
| Max Ambient (C)          | 84.5         |
| Junction Temperature (C) | 25.5         |
| Confidence Level         | Low          |
| Setting File             | ---          |
| Simulation Activity File | ---          |
| Design Nets Matched      | NA           |
+--------------------------+--------------+
* Specify Design Power Budget using, set_operating_conditions -design_power_budget <value in Watts>


1.1 On-Chip Components
----------------------

+----------------+-----------+----------+-----------+-----------------+
| On-Chip        | Power (W) | Used     | Available | Utilization (%) |
+----------------+-----------+----------+-----------+-----------------+
| Clocks         |     0.003 |        3 |       --- |             --- |
| Slice Logic    |     0.013 |     5552 |       --- |             --- |
|   LUT as Logic |     0.011 |     3601 |     20800 |           17.31 |
|   CARRY4       |     0.002 |      550 |      8150 |            6.75 |
|   Register     |    <0.001 |      708 |     41600 |            1.70 |
|   F7/F8 Muxes  |    <0.001 |      138 |     32600 |            0.42 |
|   Others       |     0.000 |      133 |       --- |             --- |
|   BUFG         |     0.000 |        4 |        32 |           12.50 |
| Signals        |     0.011 |     4714 |       --- |             --- |
| DSPs           |     0.003 |       12 |        90 |           13.33 |
| I/O            |     0.008 |       60 |       106 |           56.60 |
| Static Power   |     0.072 |          |           |                 |
| Total          |     0.110 |          |           |                 |
+----------------+-----------+----------+-----------+-----------------+


1.2 Power Supply Summary
------------------------

+-----------+-------------+-----------+-------------+------------+
| Source    | Voltage (V) | Total (A) | Dynamic (A) | Static (A) |
+-----------+-------------+-----------+-------------+------------+
| Vccint    |       1.000 |     0.040 |       0.030 |      0.010 |
| Vccaux    |       1.800 |     0.013 |       0.000 |      0.013 |
| Vcco33    |       3.300 |     0.003 |       0.002 |      0.001 |
| Vcco25    |       2.500 |     0.000 |       0.000 |      0.000 |
| Vcco18    |       1.800 |     0.000 |       0.000 |      0.000 |
| Vcco15    |       1.500 |     0.000 |       0.000 |      0.000 |
| Vcco135   |       1.350 |     0.000 |       0.000 |      0.000 |
| Vcco12    |       1.200 |     0.000 |       0.000 |      0.000 |
| Vccaux_io |       1.800 |     0.000 |       0.000 |      0.000 |
| Vccbram   |       1.000 |     0.000 |       0.000 |      0.000 |
| MGTAVcc   |       1.000 |     0.000 |       0.000 |      0.000 |
| MGTAVtt   |       1.200 |     0.000 |       0.000 |      0.000 |
| Vccadc    |       1.800 |     0.020 |       0.000 |      0.020 |
+-----------+-------------+-----------+-------------+------------+


1.3 Confidence Level
--------------------

+-----------------------------+------------+--------------------------------------------------------+--------------------------------------------------------------------------------------------------------------------+
| User Input Data             | Confidence | Details                                                | Action                                                                                                             |
+-----------------------------+------------+--------------------------------------------------------+--------------------------------------------------------------------------------------------------------------------+
| Design implementation state | High       | Design is routed                                       |                                                                                                                    |
| Clock nodes activity        | Low        | User specified less than 75% of clocks                 | Provide missing clock activity with a constraint file, simulation results or by editing the "By Clock Domain" view |
| I/O nodes activity          | Low        | More than 75% of inputs are missing user specification | Provide missing input activity with simulation results or by editing the "By Resource Type -> I/Os" view           |
| Internal nodes activity     | Medium     | User specified less than 25% of internal nodes         | Provide missing internal nodes activity with simulation results or by editing the "By Resource Type" views         |
| Device models               | High       | Device models are Production                           |                                                                                                                    |
|                             |            |                                                        |                                                                                                                    |
| Overall confidence level    | Low        |                                                        |                                                                                                                    |
+-----------------------------+------------+--------------------------------------------------------+--------------------------------------------------------------------------------------------------------------------+


2. Settings
-----------

2.1 Environment
---------------

+-----------------------+--------------------------+
| Ambient Temp (C)      | 25.0                     |
| ThetaJA (C/W)         | 5.0                      |
| Airflow (LFM)         | 250                      |
| Heat Sink             | medium (Medium Profile)  |
| ThetaSA (C/W)         | 4.6                      |
| Board Selection       | medium (10"x10")         |
| # of Board Layers     | 12to15 (12 to 15 Layers) |
| Board Temperature (C) | 25.0                     |
+-----------------------+--------------------------+


2.2 Clock Constraints
---------------------

+-------------+-----------+-----------------+
| Clock       | Domain    | Constraint (ns) |
+-------------+-----------+-----------------+
| sys_clk_pin | BASYS_CLK |            10.0 |
+-------------+-----------+-----------------+


3. Detailed Reports
-------------------

3.1 By Hierarchy
----------------

+----------------------------+-----------+
| Name                       | Power (W) |
+----------------------------+-----------+
| Top_Student                |     0.038 |
|   aud0                     |    <0.001 |
|   clk6p25m                 |    <0.001 |
|   clk_20kHz                |    <0.001 |
|   convert0                 |    <0.001 |
|   detect_input_c           |    <0.001 |
|     d0                     |    <0.001 |
|     d1                     |    <0.001 |
|     d2                     |    <0.001 |
|   detect_input_l           |    <0.001 |
|     d0                     |    <0.001 |
|     d1                     |    <0.001 |
|     d2                     |    <0.001 |
|   detect_input_r           |    <0.001 |
|     d0                     |    <0.001 |
|     d1                     |    <0.001 |
|     d2                     |    <0.001 |
|   display0                 |    <0.001 |
|   menu0                    |     0.003 |
|     board0                 |     0.000 |
|     clk0                   |    <0.001 |
|     moving0                |     0.002 |
|     selector0              |     0.000 |
|     words0                 |    <0.001 |
|   menu_button0             |    <0.001 |
|     clk0                   |    <0.001 |
|   morse0                   |    <0.001 |
|     detect_input0          |    <0.001 |
|   poly_top1                |     0.023 |
|     clk0                   |    <0.001 |
|     clk6p25m               |    <0.001 |
|     constant_confirmation0 |    <0.001 |
|       coe0                 |    <0.001 |
|       coe1                 |     0.000 |
|       coe2                 |     0.000 |
|       coe3                 |     0.000 |
|       x00                  |     0.000 |
|       x10                  |     0.000 |
|       x20                  |    <0.001 |
|       x30                  |     0.000 |
|     convert0               |     0.001 |
|     cross0                 |    <0.001 |
|     db0                    |    <0.001 |
|       clk0                 |    <0.001 |
|       d0                   |     0.000 |
|       d1                   |    <0.001 |
|       d2                   |     0.000 |
|     degree_confirmation0   |    <0.001 |
|       num0                 |     0.000 |
|       num1                 |     0.000 |
|       num2                 |    <0.001 |
|       num3                 |     0.000 |
|     display_plot0          |     0.019 |
|     display_plot_bg0       |    <0.001 |
|     num0                   |    <0.001 |
|     num1                   |     0.000 |
|     num2                   |     0.000 |
|     num3                   |    <0.001 |
|     num4                   |    <0.001 |
|     num5                   |     0.000 |
|     num6                   |    <0.001 |
|     num7                   |     0.000 |
|     num8                   |    <0.001 |
|     num9                   |     0.000 |
|     select_constant0       |     0.000 |
|       x_0_0                |     0.000 |
|       x_1_0                |     0.000 |
|       x_2_0                |     0.000 |
|       x_3_0                |     0.000 |
|     select_degree0         |    <0.001 |
|   subtask4_20              |    <0.001 |
+----------------------------+-----------+


