#-----------------------------------------------------------
# Vivado v2018.2 (64-bit)
# SW Build 2258646 on Thu Jun 14 20:03:12 MDT 2018
# IP Build 2256618 on Thu Jun 14 22:10:49 MDT 2018
# Start of session at: Wed Apr  6 08:07:04 2022
# Process ID: 12356
# Current directory: C:/Users/Daniel Pranajaya/Documents/GitHub/EE2026-Final-Project
# Command line: vivado.exe -gui_launcher_event rodinguilauncherevent17388 C:\Users\Daniel Pranajaya\Documents\GitHub\EE2026-Final-Project\Project_Final.xpr
# Log file: C:/Users/Daniel Pranajaya/Documents/GitHub/EE2026-Final-Project/vivado.log
# Journal file: C:/Users/Daniel Pranajaya/Documents/GitHub/EE2026-Final-Project\vivado.jou
#-----------------------------------------------------------
start_gui
open_project {C:/Users/Daniel Pranajaya/Documents/GitHub/EE2026-Final-Project/Project_Final.xpr}
INFO: [Project 1-313] Project file moved from 'C:/Users/marvi/verilog/Project_Final' since last save.
Scanning sources...
Finished scanning sources
INFO: [IP_Flow 19-234] Refreshing IP repositories
INFO: [IP_Flow 19-1704] No user IP repositories specified
INFO: [IP_Flow 19-2313] Loaded Vivado IP repository 'C:/Xilinx/Vivado/2018.2/data/ip'.
open_project: Time (s): cpu = 00:00:20 ; elapsed = 00:00:13 . Memory (MB): peak = 767.461 ; gain = 78.477
update_compile_order -fileset sources_1
reset_run synth_1
launch_runs impl_1 -to_step write_bitstream -jobs 12
[Wed Apr  6 08:14:57 2022] Launched synth_1...
Run output will be captured here: C:/Users/Daniel Pranajaya/Documents/GitHub/EE2026-Final-Project/Project_Final.runs/synth_1/runme.log
[Wed Apr  6 08:14:57 2022] Launched impl_1...
Run output will be captured here: C:/Users/Daniel Pranajaya/Documents/GitHub/EE2026-Final-Project/Project_Final.runs/impl_1/runme.log
reset_run synth_1
launch_runs impl_1 -to_step write_bitstream -jobs 12
[Wed Apr  6 08:18:44 2022] Launched synth_1...
Run output will be captured here: C:/Users/Daniel Pranajaya/Documents/GitHub/EE2026-Final-Project/Project_Final.runs/synth_1/runme.log
[Wed Apr  6 08:18:44 2022] Launched impl_1...
Run output will be captured here: C:/Users/Daniel Pranajaya/Documents/GitHub/EE2026-Final-Project/Project_Final.runs/impl_1/runme.log
reset_run synth_1
launch_runs impl_1 -to_step write_bitstream -jobs 12
[Wed Apr  6 08:20:12 2022] Launched synth_1...
Run output will be captured here: C:/Users/Daniel Pranajaya/Documents/GitHub/EE2026-Final-Project/Project_Final.runs/synth_1/runme.log
[Wed Apr  6 08:20:12 2022] Launched impl_1...
Run output will be captured here: C:/Users/Daniel Pranajaya/Documents/GitHub/EE2026-Final-Project/Project_Final.runs/impl_1/runme.log
reset_run synth_1
launch_runs impl_1 -to_step write_bitstream -jobs 12
[Wed Apr  6 08:32:27 2022] Launched synth_1...
Run output will be captured here: C:/Users/Daniel Pranajaya/Documents/GitHub/EE2026-Final-Project/Project_Final.runs/synth_1/runme.log
[Wed Apr  6 08:32:27 2022] Launched impl_1...
Run output will be captured here: C:/Users/Daniel Pranajaya/Documents/GitHub/EE2026-Final-Project/Project_Final.runs/impl_1/runme.log
close [ open {C:/Users/Daniel Pranajaya/Documents/GitHub/EE2026-Final-Project/Project_Final.srcs/sources_1/new/mose_anode_disp.v} w ]
add_files {{C:/Users/Daniel Pranajaya/Documents/GitHub/EE2026-Final-Project/Project_Final.srcs/sources_1/new/mose_anode_disp.v}}
update_compile_order -fileset sources_1
update_compile_order -fileset sources_1
reset_run synth_1
launch_runs impl_1 -to_step write_bitstream -jobs 12
[Wed Apr  6 08:53:43 2022] Launched synth_1...
Run output will be captured here: C:/Users/Daniel Pranajaya/Documents/GitHub/EE2026-Final-Project/Project_Final.runs/synth_1/runme.log
[Wed Apr  6 08:53:43 2022] Launched impl_1...
Run output will be captured here: C:/Users/Daniel Pranajaya/Documents/GitHub/EE2026-Final-Project/Project_Final.runs/impl_1/runme.log
update_compile_order -fileset sources_1
update_compile_order -fileset sources_1
reset_run synth_1
launch_runs impl_1 -to_step write_bitstream -jobs 12
[Wed Apr  6 09:05:26 2022] Launched synth_1...
Run output will be captured here: C:/Users/Daniel Pranajaya/Documents/GitHub/EE2026-Final-Project/Project_Final.runs/synth_1/runme.log
[Wed Apr  6 09:05:26 2022] Launched impl_1...
Run output will be captured here: C:/Users/Daniel Pranajaya/Documents/GitHub/EE2026-Final-Project/Project_Final.runs/impl_1/runme.log
update_compile_order -fileset sources_1
update_compile_order -fileset sources_1
reset_run synth_1
launch_runs impl_1 -to_step write_bitstream -jobs 12
[Wed Apr  6 09:27:05 2022] Launched synth_1...
Run output will be captured here: C:/Users/Daniel Pranajaya/Documents/GitHub/EE2026-Final-Project/Project_Final.runs/synth_1/runme.log
[Wed Apr  6 09:27:05 2022] Launched impl_1...
Run output will be captured here: C:/Users/Daniel Pranajaya/Documents/GitHub/EE2026-Final-Project/Project_Final.runs/impl_1/runme.log
open_hw
connect_hw_server
INFO: [Labtools 27-2285] Connecting to hw_server url TCP:localhost:3121
INFO: [Labtools 27-2222] Launching hw_server...
INFO: [Labtools 27-2221] Launch Output:

****** Xilinx hw_server v2018.2
  **** Build date : Jun 14 2018-20:42:52
    ** Copyright 1986-2018 Xilinx, Inc. All Rights Reserved.


open_hw_target
INFO: [Labtoolstcl 44-466] Opening hw_target localhost:3121/xilinx_tcf/Digilent/210183AA0D12A
set_property PROGRAM.FILE {C:/Users/Daniel Pranajaya/Documents/GitHub/EE2026-Final-Project/Project_Final.runs/impl_1/Top_Student.bit} [get_hw_devices xc7a35t_0]
current_hw_device [get_hw_devices xc7a35t_0]
refresh_hw_device -update_hw_probes false [lindex [get_hw_devices xc7a35t_0] 0]
INFO: [Labtools 27-1434] Device xc7a35t (JTAG device index = 0) is programmed with a design that has no supported debug core(s) in it.
WARNING: [Labtools 27-3361] The debug hub core was not detected.
Resolution: 
1. Make sure the clock connected to the debug hub (dbg_hub) core is a free running clock and is active.
2. Make sure the BSCAN_SWITCH_USER_MASK device property in Vivado Hardware Manager reflects the user scan chain setting in the design and refresh the device.  To determine the user scan chain setting in the design, open the implemented design and use 'get_property C_USER_SCAN_CHAIN [get_debug_cores dbg_hub]'.
For more details on setting the scan chain property, consult the Vivado Debug and Programming User Guide (UG908).
set_property PROBES.FILE {} [get_hw_devices xc7a35t_0]
set_property FULL_PROBES.FILE {} [get_hw_devices xc7a35t_0]
set_property PROGRAM.FILE {C:/Users/Daniel Pranajaya/Documents/GitHub/EE2026-Final-Project/Project_Final.runs/impl_1/Top_Student.bit} [get_hw_devices xc7a35t_0]
program_hw_devices [get_hw_devices xc7a35t_0]
INFO: [Labtools 27-3164] End of startup status: HIGH
refresh_hw_device [lindex [get_hw_devices xc7a35t_0] 0]
INFO: [Labtools 27-1434] Device xc7a35t (JTAG device index = 0) is programmed with a design that has no supported debug core(s) in it.
WARNING: [Labtools 27-3361] The debug hub core was not detected.
Resolution: 
1. Make sure the clock connected to the debug hub (dbg_hub) core is a free running clock and is active.
2. Make sure the BSCAN_SWITCH_USER_MASK device property in Vivado Hardware Manager reflects the user scan chain setting in the design and refresh the device.  To determine the user scan chain setting in the design, open the implemented design and use 'get_property C_USER_SCAN_CHAIN [get_debug_cores dbg_hub]'.
For more details on setting the scan chain property, consult the Vivado Debug and Programming User Guide (UG908).
reset_run synth_1
launch_runs impl_1 -to_step write_bitstream -jobs 12
[Wed Apr  6 09:58:41 2022] Launched synth_1...
Run output will be captured here: C:/Users/Daniel Pranajaya/Documents/GitHub/EE2026-Final-Project/Project_Final.runs/synth_1/runme.log
[Wed Apr  6 09:58:41 2022] Launched impl_1...
Run output will be captured here: C:/Users/Daniel Pranajaya/Documents/GitHub/EE2026-Final-Project/Project_Final.runs/impl_1/runme.log
reset_run synth_1
launch_runs impl_1 -to_step write_bitstream -jobs 12
[Wed Apr  6 09:58:53 2022] Launched synth_1...
Run output will be captured here: C:/Users/Daniel Pranajaya/Documents/GitHub/EE2026-Final-Project/Project_Final.runs/synth_1/runme.log
[Wed Apr  6 09:58:53 2022] Launched impl_1...
Run output will be captured here: C:/Users/Daniel Pranajaya/Documents/GitHub/EE2026-Final-Project/Project_Final.runs/impl_1/runme.log
set_property PROBES.FILE {} [get_hw_devices xc7a35t_0]
set_property FULL_PROBES.FILE {} [get_hw_devices xc7a35t_0]
set_property PROGRAM.FILE {C:/Users/Daniel Pranajaya/Documents/GitHub/EE2026-Final-Project/Project_Final.runs/impl_1/Top_Student.bit} [get_hw_devices xc7a35t_0]
program_hw_devices [get_hw_devices xc7a35t_0]
INFO: [Labtools 27-3164] End of startup status: HIGH
refresh_hw_device [lindex [get_hw_devices xc7a35t_0] 0]
INFO: [Labtools 27-1434] Device xc7a35t (JTAG device index = 0) is programmed with a design that has no supported debug core(s) in it.
WARNING: [Labtools 27-3361] The debug hub core was not detected.
Resolution: 
1. Make sure the clock connected to the debug hub (dbg_hub) core is a free running clock and is active.
2. Make sure the BSCAN_SWITCH_USER_MASK device property in Vivado Hardware Manager reflects the user scan chain setting in the design and refresh the device.  To determine the user scan chain setting in the design, open the implemented design and use 'get_property C_USER_SCAN_CHAIN [get_debug_cores dbg_hub]'.
For more details on setting the scan chain property, consult the Vivado Debug and Programming User Guide (UG908).
reset_run synth_1
launch_runs impl_1 -to_step write_bitstream -jobs 12
[Wed Apr  6 10:12:32 2022] Launched synth_1...
Run output will be captured here: C:/Users/Daniel Pranajaya/Documents/GitHub/EE2026-Final-Project/Project_Final.runs/synth_1/runme.log
[Wed Apr  6 10:12:32 2022] Launched impl_1...
Run output will be captured here: C:/Users/Daniel Pranajaya/Documents/GitHub/EE2026-Final-Project/Project_Final.runs/impl_1/runme.log
set_property PROBES.FILE {} [get_hw_devices xc7a35t_0]
set_property FULL_PROBES.FILE {} [get_hw_devices xc7a35t_0]
set_property PROGRAM.FILE {C:/Users/Daniel Pranajaya/Documents/GitHub/EE2026-Final-Project/Project_Final.runs/impl_1/Top_Student.bit} [get_hw_devices xc7a35t_0]
program_hw_devices [get_hw_devices xc7a35t_0]
INFO: [Labtools 27-3164] End of startup status: HIGH
refresh_hw_device [lindex [get_hw_devices xc7a35t_0] 0]
INFO: [Labtools 27-1434] Device xc7a35t (JTAG device index = 0) is programmed with a design that has no supported debug core(s) in it.
WARNING: [Labtools 27-3361] The debug hub core was not detected.
Resolution: 
1. Make sure the clock connected to the debug hub (dbg_hub) core is a free running clock and is active.
2. Make sure the BSCAN_SWITCH_USER_MASK device property in Vivado Hardware Manager reflects the user scan chain setting in the design and refresh the device.  To determine the user scan chain setting in the design, open the implemented design and use 'get_property C_USER_SCAN_CHAIN [get_debug_cores dbg_hub]'.
For more details on setting the scan chain property, consult the Vivado Debug and Programming User Guide (UG908).
reset_run synth_1
launch_runs impl_1 -to_step write_bitstream -jobs 12
[Wed Apr  6 10:25:17 2022] Launched synth_1...
Run output will be captured here: C:/Users/Daniel Pranajaya/Documents/GitHub/EE2026-Final-Project/Project_Final.runs/synth_1/runme.log
[Wed Apr  6 10:25:17 2022] Launched impl_1...
Run output will be captured here: C:/Users/Daniel Pranajaya/Documents/GitHub/EE2026-Final-Project/Project_Final.runs/impl_1/runme.log
reset_run synth_1
launch_runs impl_1 -to_step write_bitstream -jobs 12
[Wed Apr  6 11:01:20 2022] Launched synth_1...
Run output will be captured here: C:/Users/Daniel Pranajaya/Documents/GitHub/EE2026-Final-Project/Project_Final.runs/synth_1/runme.log
[Wed Apr  6 11:01:20 2022] Launched impl_1...
Run output will be captured here: C:/Users/Daniel Pranajaya/Documents/GitHub/EE2026-Final-Project/Project_Final.runs/impl_1/runme.log
set_property PROBES.FILE {} [get_hw_devices xc7a35t_0]
set_property FULL_PROBES.FILE {} [get_hw_devices xc7a35t_0]
set_property PROGRAM.FILE {C:/Users/Daniel Pranajaya/Documents/GitHub/EE2026-Final-Project/Project_Final.runs/impl_1/Top_Student.bit} [get_hw_devices xc7a35t_0]
program_hw_devices [get_hw_devices xc7a35t_0]
INFO: [Labtools 27-3164] End of startup status: HIGH
refresh_hw_device [lindex [get_hw_devices xc7a35t_0] 0]
INFO: [Labtools 27-1434] Device xc7a35t (JTAG device index = 0) is programmed with a design that has no supported debug core(s) in it.
WARNING: [Labtools 27-3361] The debug hub core was not detected.
Resolution: 
1. Make sure the clock connected to the debug hub (dbg_hub) core is a free running clock and is active.
2. Make sure the BSCAN_SWITCH_USER_MASK device property in Vivado Hardware Manager reflects the user scan chain setting in the design and refresh the device.  To determine the user scan chain setting in the design, open the implemented design and use 'get_property C_USER_SCAN_CHAIN [get_debug_cores dbg_hub]'.
For more details on setting the scan chain property, consult the Vivado Debug and Programming User Guide (UG908).
set_property PROBES.FILE {} [get_hw_devices xc7a35t_0]
set_property FULL_PROBES.FILE {} [get_hw_devices xc7a35t_0]
set_property PROGRAM.FILE {C:/Users/Daniel Pranajaya/Documents/GitHub/EE2026-Final-Project/Project_Final.runs/impl_1/Top_Student.bit} [get_hw_devices xc7a35t_0]
program_hw_devices [get_hw_devices xc7a35t_0]
INFO: [Labtools 27-3164] End of startup status: HIGH
refresh_hw_device [lindex [get_hw_devices xc7a35t_0] 0]
INFO: [Labtools 27-1434] Device xc7a35t (JTAG device index = 0) is programmed with a design that has no supported debug core(s) in it.
WARNING: [Labtools 27-3361] The debug hub core was not detected.
Resolution: 
1. Make sure the clock connected to the debug hub (dbg_hub) core is a free running clock and is active.
2. Make sure the BSCAN_SWITCH_USER_MASK device property in Vivado Hardware Manager reflects the user scan chain setting in the design and refresh the device.  To determine the user scan chain setting in the design, open the implemented design and use 'get_property C_USER_SCAN_CHAIN [get_debug_cores dbg_hub]'.
For more details on setting the scan chain property, consult the Vivado Debug and Programming User Guide (UG908).
